{"/home/victor/Projects/frontend-project-46/src/diff.js": {"path":"/home/victor/Projects/frontend-project-46/src/diff.js","all":false,"statementMap":{"0":{"start":{"line":1,"column":0},"end":{"line":1,"column":23}},"1":{"start":{"line":2,"column":0},"end":{"line":2,"column":0}},"2":{"start":{"line":3,"column":0},"end":{"line":3,"column":38}},"3":{"start":{"line":4,"column":0},"end":{"line":4,"column":69}},"4":{"start":{"line":5,"column":0},"end":{"line":5,"column":0}},"5":{"start":{"line":6,"column":0},"end":{"line":6,"column":44}},"6":{"start":{"line":7,"column":0},"end":{"line":7,"column":29}},"7":{"start":{"line":8,"column":0},"end":{"line":8,"column":55}},"8":{"start":{"line":9,"column":0},"end":{"line":9,"column":5}},"9":{"start":{"line":10,"column":0},"end":{"line":10,"column":29}},"10":{"start":{"line":11,"column":0},"end":{"line":11,"column":57}},"11":{"start":{"line":12,"column":0},"end":{"line":12,"column":5}},"12":{"start":{"line":13,"column":0},"end":{"line":13,"column":36}},"13":{"start":{"line":14,"column":0},"end":{"line":14,"column":59}},"14":{"start":{"line":15,"column":0},"end":{"line":15,"column":5}},"15":{"start":{"line":16,"column":0},"end":{"line":16,"column":59}},"16":{"start":{"line":17,"column":0},"end":{"line":17,"column":78}},"17":{"start":{"line":18,"column":0},"end":{"line":18,"column":5}},"18":{"start":{"line":19,"column":0},"end":{"line":19,"column":96}},"19":{"start":{"line":20,"column":0},"end":{"line":20,"column":5}},"20":{"start":{"line":21,"column":0},"end":{"line":21,"column":0}},"21":{"start":{"line":22,"column":0},"end":{"line":22,"column":14}},"22":{"start":{"line":23,"column":0},"end":{"line":23,"column":2}},"23":{"start":{"line":24,"column":0},"end":{"line":24,"column":0}},"24":{"start":{"line":25,"column":0},"end":{"line":25,"column":26}}},"s":{"0":1,"1":1,"2":1,"3":20,"4":20,"5":20,"6":72,"7":20,"8":20,"9":72,"10":8,"11":8,"12":72,"13":12,"14":12,"15":72,"16":16,"17":16,"18":16,"19":20,"20":20,"21":20,"22":20,"23":1,"24":1},"branchMap":{"0":{"type":"branch","line":3,"loc":{"start":{"line":3,"column":19},"end":{"line":23,"column":2}},"locations":[{"start":{"line":3,"column":19},"end":{"line":23,"column":2}}]},"1":{"type":"branch","line":6,"loc":{"start":{"line":6,"column":35},"end":{"line":20,"column":3}},"locations":[{"start":{"line":6,"column":35},"end":{"line":20,"column":3}}]},"2":{"type":"branch","line":7,"loc":{"start":{"line":7,"column":28},"end":{"line":9,"column":5}},"locations":[{"start":{"line":7,"column":28},"end":{"line":9,"column":5}}]},"3":{"type":"branch","line":9,"loc":{"start":{"line":9,"column":4},"end":{"line":10,"column":28}},"locations":[{"start":{"line":9,"column":4},"end":{"line":10,"column":28}}]},"4":{"type":"branch","line":10,"loc":{"start":{"line":10,"column":28},"end":{"line":12,"column":5}},"locations":[{"start":{"line":10,"column":28},"end":{"line":12,"column":5}}]},"5":{"type":"branch","line":12,"loc":{"start":{"line":12,"column":4},"end":{"line":13,"column":35}},"locations":[{"start":{"line":12,"column":4},"end":{"line":13,"column":35}}]},"6":{"type":"branch","line":13,"loc":{"start":{"line":13,"column":35},"end":{"line":15,"column":5}},"locations":[{"start":{"line":13,"column":35},"end":{"line":15,"column":5}}]},"7":{"type":"branch","line":15,"loc":{"start":{"line":15,"column":4},"end":{"line":16,"column":34}},"locations":[{"start":{"line":15,"column":4},"end":{"line":16,"column":34}}]},"8":{"type":"branch","line":16,"loc":{"start":{"line":16,"column":30},"end":{"line":16,"column":56}},"locations":[{"start":{"line":16,"column":30},"end":{"line":16,"column":56}}]},"9":{"type":"branch","line":16,"loc":{"start":{"line":16,"column":58},"end":{"line":20,"column":3}},"locations":[{"start":{"line":16,"column":58},"end":{"line":20,"column":3}}]}},"b":{"0":[20],"1":[72],"2":[20],"3":[52],"4":[8],"5":[44],"6":[12],"7":[32],"8":[20],"9":[16]},"fnMap":{"0":{"name":"difference","decl":{"start":{"line":3,"column":19},"end":{"line":23,"column":2}},"loc":{"start":{"line":3,"column":19},"end":{"line":23,"column":2}},"line":3}},"f":{"0":20}}
,"/home/victor/Projects/frontend-project-46/src/index.js": {"path":"/home/victor/Projects/frontend-project-46/src/index.js","all":false,"statementMap":{"0":{"start":{"line":1,"column":0},"end":{"line":1,"column":35}},"1":{"start":{"line":2,"column":0},"end":{"line":2,"column":34}},"2":{"start":{"line":3,"column":0},"end":{"line":3,"column":43}},"3":{"start":{"line":4,"column":0},"end":{"line":4,"column":0}},"4":{"start":{"line":5,"column":0},"end":{"line":5,"column":69}},"5":{"start":{"line":6,"column":0},"end":{"line":6,"column":37}},"6":{"start":{"line":7,"column":0},"end":{"line":7,"column":37}},"7":{"start":{"line":8,"column":0},"end":{"line":8,"column":50}},"8":{"start":{"line":9,"column":0},"end":{"line":9,"column":51}},"9":{"start":{"line":10,"column":0},"end":{"line":10,"column":16}},"10":{"start":{"line":11,"column":0},"end":{"line":11,"column":2}}},"s":{"0":1,"1":1,"2":1,"3":1,"4":1,"5":4,"6":4,"7":4,"8":4,"9":4,"10":4},"branchMap":{"0":{"type":"branch","line":5,"loc":{"start":{"line":5,"column":15},"end":{"line":11,"column":2}},"locations":[{"start":{"line":5,"column":15},"end":{"line":11,"column":2}}]}},"b":{"0":[4]},"fnMap":{"0":{"name":"default","decl":{"start":{"line":5,"column":15},"end":{"line":11,"column":2}},"loc":{"start":{"line":5,"column":15},"end":{"line":11,"column":2}},"line":5}},"f":{"0":4}}
,"/home/victor/Projects/frontend-project-46/src/parser.js": {"path":"/home/victor/Projects/frontend-project-46/src/parser.js","all":false,"statementMap":{"0":{"start":{"line":1,"column":0},"end":{"line":1,"column":25}},"1":{"start":{"line":2,"column":0},"end":{"line":2,"column":24}},"2":{"start":{"line":3,"column":0},"end":{"line":3,"column":27}},"3":{"start":{"line":4,"column":0},"end":{"line":4,"column":0}},"4":{"start":{"line":5,"column":0},"end":{"line":5,"column":32}},"5":{"start":{"line":6,"column":0},"end":{"line":6,"column":49}},"6":{"start":{"line":7,"column":0},"end":{"line":7,"column":78}},"7":{"start":{"line":8,"column":0},"end":{"line":8,"column":0}},"8":{"start":{"line":9,"column":0},"end":{"line":9,"column":34}},"9":{"start":{"line":10,"column":0},"end":{"line":10,"column":34}},"10":{"start":{"line":11,"column":0},"end":{"line":11,"column":3}},"11":{"start":{"line":12,"column":0},"end":{"line":12,"column":62}},"12":{"start":{"line":13,"column":0},"end":{"line":13,"column":33}},"13":{"start":{"line":14,"column":0},"end":{"line":14,"column":3}},"14":{"start":{"line":15,"column":0},"end":{"line":15,"column":0}},"15":{"start":{"line":16,"column":0},"end":{"line":16,"column":65}},"16":{"start":{"line":17,"column":0},"end":{"line":17,"column":2}}},"s":{"0":1,"1":1,"2":1,"3":1,"4":1,"5":8,"6":8,"7":8,"8":8,"9":6,"10":6,"11":8,"12":2,"13":2,"14":0,"15":0,"16":0},"branchMap":{"0":{"type":"branch","line":5,"loc":{"start":{"line":5,"column":16},"end":{"line":17,"column":2}},"locations":[{"start":{"line":5,"column":16},"end":{"line":17,"column":2}}]},"1":{"type":"branch","line":9,"loc":{"start":{"line":9,"column":33},"end":{"line":11,"column":3}},"locations":[{"start":{"line":9,"column":33},"end":{"line":11,"column":3}}]},"2":{"type":"branch","line":11,"loc":{"start":{"line":11,"column":2},"end":{"line":12,"column":35}},"locations":[{"start":{"line":11,"column":2},"end":{"line":12,"column":35}}]},"3":{"type":"branch","line":12,"loc":{"start":{"line":12,"column":31},"end":{"line":12,"column":59}},"locations":[{"start":{"line":12,"column":31},"end":{"line":12,"column":59}}]},"4":{"type":"branch","line":12,"loc":{"start":{"line":12,"column":61},"end":{"line":14,"column":3}},"locations":[{"start":{"line":12,"column":61},"end":{"line":14,"column":3}}]},"5":{"type":"branch","line":14,"loc":{"start":{"line":14,"column":2},"end":{"line":17,"column":2}},"locations":[{"start":{"line":14,"column":2},"end":{"line":17,"column":2}}]}},"b":{"0":[8],"1":[6],"2":[2],"3":[1],"4":[2],"5":[0]},"fnMap":{"0":{"name":"default","decl":{"start":{"line":5,"column":16},"end":{"line":17,"column":2}},"loc":{"start":{"line":5,"column":16},"end":{"line":17,"column":2}},"line":5}},"f":{"0":8}}
,"/home/victor/Projects/frontend-project-46/src/formatters/index.js": {"path":"/home/victor/Projects/frontend-project-46/src/formatters/index.js","all":false,"statementMap":{"0":{"start":{"line":1,"column":0},"end":{"line":1,"column":35}},"1":{"start":{"line":2,"column":0},"end":{"line":2,"column":31}},"2":{"start":{"line":3,"column":0},"end":{"line":3,"column":29}},"3":{"start":{"line":4,"column":0},"end":{"line":4,"column":0}},"4":{"start":{"line":5,"column":0},"end":{"line":5,"column":37}},"5":{"start":{"line":6,"column":0},"end":{"line":6,"column":32}},"6":{"start":{"line":7,"column":0},"end":{"line":7,"column":25}},"7":{"start":{"line":8,"column":0},"end":{"line":8,"column":3}},"8":{"start":{"line":9,"column":0},"end":{"line":9,"column":30}},"9":{"start":{"line":10,"column":0},"end":{"line":10,"column":23}},"10":{"start":{"line":11,"column":0},"end":{"line":11,"column":3}},"11":{"start":{"line":12,"column":0},"end":{"line":12,"column":29}},"12":{"start":{"line":13,"column":0},"end":{"line":13,"column":22}},"13":{"start":{"line":14,"column":0},"end":{"line":14,"column":3}},"14":{"start":{"line":15,"column":0},"end":{"line":15,"column":27}},"15":{"start":{"line":16,"column":0},"end":{"line":16,"column":2}}},"s":{"0":1,"1":1,"2":1,"3":1,"4":1,"5":4,"6":2,"7":2,"8":4,"9":1,"10":1,"11":1,"12":1,"13":1,"14":0,"15":0},"branchMap":{"0":{"type":"branch","line":5,"loc":{"start":{"line":5,"column":15},"end":{"line":16,"column":2}},"locations":[{"start":{"line":5,"column":15},"end":{"line":16,"column":2}}]},"1":{"type":"branch","line":6,"loc":{"start":{"line":6,"column":31},"end":{"line":9,"column":29}},"locations":[{"start":{"line":6,"column":31},"end":{"line":9,"column":29}}]},"2":{"type":"branch","line":9,"loc":{"start":{"line":9,"column":29},"end":{"line":14,"column":3}},"locations":[{"start":{"line":9,"column":29},"end":{"line":14,"column":3}}]},"3":{"type":"branch","line":14,"loc":{"start":{"line":14,"column":2},"end":{"line":16,"column":2}},"locations":[{"start":{"line":14,"column":2},"end":{"line":16,"column":2}}]}},"b":{"0":[4],"1":[2],"2":[1],"3":[0]},"fnMap":{"0":{"name":"default","decl":{"start":{"line":5,"column":15},"end":{"line":16,"column":2}},"loc":{"start":{"line":5,"column":15},"end":{"line":16,"column":2}},"line":5}},"f":{"0":4}}
,"/home/victor/Projects/frontend-project-46/src/formatters/json.js": {"path":"/home/victor/Projects/frontend-project-46/src/formatters/json.js","all":false,"statementMap":{"0":{"start":{"line":1,"column":0},"end":{"line":1,"column":46}}},"s":{"0":1},"branchMap":{"0":{"type":"branch","line":1,"loc":{"start":{"line":1,"column":16},"end":{"line":1,"column":45}},"locations":[{"start":{"line":1,"column":16},"end":{"line":1,"column":45}}]}},"b":{"0":[1]},"fnMap":{"0":{"name":"default","decl":{"start":{"line":1,"column":16},"end":{"line":1,"column":45}},"loc":{"start":{"line":1,"column":16},"end":{"line":1,"column":45}},"line":1}},"f":{"0":1}}
,"/home/victor/Projects/frontend-project-46/src/formatters/plain.js": {"path":"/home/victor/Projects/frontend-project-46/src/formatters/plain.js","all":false,"statementMap":{"0":{"start":{"line":1,"column":0},"end":{"line":1,"column":23}},"1":{"start":{"line":2,"column":0},"end":{"line":2,"column":0}},"2":{"start":{"line":3,"column":0},"end":{"line":3,"column":30}},"3":{"start":{"line":4,"column":0},"end":{"line":4,"column":26}},"4":{"start":{"line":5,"column":0},"end":{"line":5,"column":29}},"5":{"start":{"line":6,"column":0},"end":{"line":6,"column":3}},"6":{"start":{"line":7,"column":0},"end":{"line":7,"column":34}},"7":{"start":{"line":8,"column":0},"end":{"line":8,"column":24}},"8":{"start":{"line":9,"column":0},"end":{"line":9,"column":3}},"9":{"start":{"line":10,"column":0},"end":{"line":10,"column":0}},"10":{"start":{"line":11,"column":0},"end":{"line":11,"column":15}},"11":{"start":{"line":12,"column":0},"end":{"line":12,"column":2}},"12":{"start":{"line":13,"column":0},"end":{"line":13,"column":0}},"13":{"start":{"line":14,"column":0},"end":{"line":14,"column":36}},"14":{"start":{"line":15,"column":0},"end":{"line":15,"column":72}},"15":{"start":{"line":16,"column":0},"end":{"line":16,"column":45}},"16":{"start":{"line":17,"column":0},"end":{"line":17,"column":42}},"17":{"start":{"line":18,"column":0},"end":{"line":18,"column":35}},"18":{"start":{"line":19,"column":0},"end":{"line":19,"column":0}},"19":{"start":{"line":20,"column":0},"end":{"line":20,"column":32}},"20":{"start":{"line":21,"column":0},"end":{"line":21,"column":42}},"21":{"start":{"line":22,"column":0},"end":{"line":22,"column":65}},"22":{"start":{"line":23,"column":0},"end":{"line":23,"column":5}},"23":{"start":{"line":24,"column":0},"end":{"line":24,"column":34}},"24":{"start":{"line":25,"column":0},"end":{"line":25,"column":46}},"25":{"start":{"line":26,"column":0},"end":{"line":26,"column":5}},"26":{"start":{"line":27,"column":0},"end":{"line":27,"column":34}},"27":{"start":{"line":28,"column":0},"end":{"line":28,"column":58}},"28":{"start":{"line":29,"column":0},"end":{"line":29,"column":60}},"29":{"start":{"line":30,"column":0},"end":{"line":30,"column":84}},"30":{"start":{"line":31,"column":0},"end":{"line":31,"column":5}},"31":{"start":{"line":32,"column":0},"end":{"line":32,"column":0}},"32":{"start":{"line":33,"column":0},"end":{"line":33,"column":38}},"33":{"start":{"line":34,"column":0},"end":{"line":34,"column":16}},"34":{"start":{"line":35,"column":0},"end":{"line":35,"column":0}},"35":{"start":{"line":36,"column":0},"end":{"line":36,"column":16}},"36":{"start":{"line":37,"column":0},"end":{"line":37,"column":2}},"37":{"start":{"line":38,"column":0},"end":{"line":38,"column":0}},"38":{"start":{"line":39,"column":0},"end":{"line":39,"column":21}}},"s":{"0":1,"1":1,"2":1,"3":13,"4":3,"5":3,"6":13,"7":7,"8":7,"9":3,"10":3,"11":3,"12":1,"13":1,"14":5,"15":5,"16":15,"17":15,"18":15,"19":15,"20":5,"21":5,"22":5,"23":15,"24":2,"25":2,"26":15,"27":4,"28":4,"29":4,"30":4,"31":4,"32":4,"33":5,"34":5,"35":5,"36":5,"37":1,"38":1},"branchMap":{"0":{"type":"branch","line":3,"loc":{"start":{"line":3,"column":19},"end":{"line":12,"column":2}},"locations":[{"start":{"line":3,"column":19},"end":{"line":12,"column":2}}]},"1":{"type":"branch","line":4,"loc":{"start":{"line":4,"column":25},"end":{"line":6,"column":3}},"locations":[{"start":{"line":4,"column":25},"end":{"line":6,"column":3}}]},"2":{"type":"branch","line":6,"loc":{"start":{"line":6,"column":2},"end":{"line":7,"column":33}},"locations":[{"start":{"line":6,"column":2},"end":{"line":7,"column":33}}]},"3":{"type":"branch","line":7,"loc":{"start":{"line":7,"column":33},"end":{"line":9,"column":3}},"locations":[{"start":{"line":7,"column":33},"end":{"line":9,"column":3}}]},"4":{"type":"branch","line":9,"loc":{"start":{"line":9,"column":2},"end":{"line":12,"column":2}},"locations":[{"start":{"line":9,"column":2},"end":{"line":12,"column":2}}]},"5":{"type":"branch","line":14,"loc":{"start":{"line":14,"column":14},"end":{"line":37,"column":2}},"locations":[{"start":{"line":14,"column":14},"end":{"line":37,"column":2}}]},"6":{"type":"branch","line":15,"loc":{"start":{"line":15,"column":36},"end":{"line":15,"column":70}},"locations":[{"start":{"line":15,"column":36},"end":{"line":15,"column":70}}]},"7":{"type":"branch","line":16,"loc":{"start":{"line":16,"column":35},"end":{"line":34,"column":3}},"locations":[{"start":{"line":16,"column":35},"end":{"line":34,"column":3}}]},"8":{"type":"branch","line":20,"loc":{"start":{"line":20,"column":31},"end":{"line":23,"column":5}},"locations":[{"start":{"line":20,"column":31},"end":{"line":23,"column":5}}]},"9":{"type":"branch","line":23,"loc":{"start":{"line":23,"column":4},"end":{"line":24,"column":33}},"locations":[{"start":{"line":23,"column":4},"end":{"line":24,"column":33}}]},"10":{"type":"branch","line":24,"loc":{"start":{"line":24,"column":33},"end":{"line":26,"column":5}},"locations":[{"start":{"line":24,"column":33},"end":{"line":26,"column":5}}]},"11":{"type":"branch","line":26,"loc":{"start":{"line":26,"column":4},"end":{"line":27,"column":33}},"locations":[{"start":{"line":26,"column":4},"end":{"line":27,"column":33}}]},"12":{"type":"branch","line":27,"loc":{"start":{"line":27,"column":33},"end":{"line":34,"column":3}},"locations":[{"start":{"line":27,"column":33},"end":{"line":34,"column":3}}]}},"b":{"0":[13],"1":[3],"2":[10],"3":[7],"4":[3],"5":[5],"6":[18],"7":[15],"8":[5],"9":[10],"10":[2],"11":[8],"12":[4]},"fnMap":{"0":{"name":"findValue","decl":{"start":{"line":3,"column":19},"end":{"line":12,"column":2}},"loc":{"start":{"line":3,"column":19},"end":{"line":12,"column":2}},"line":3},"1":{"name":"plain","decl":{"start":{"line":14,"column":14},"end":{"line":37,"column":2}},"loc":{"start":{"line":14,"column":14},"end":{"line":37,"column":2}},"line":14}},"f":{"0":13,"1":5}}
,"/home/victor/Projects/frontend-project-46/src/formatters/stylish.js": {"path":"/home/victor/Projects/frontend-project-46/src/formatters/stylish.js","all":false,"statementMap":{"0":{"start":{"line":1,"column":0},"end":{"line":1,"column":23}},"1":{"start":{"line":2,"column":0},"end":{"line":2,"column":0}},"2":{"start":{"line":3,"column":0},"end":{"line":3,"column":77}},"3":{"start":{"line":4,"column":0},"end":{"line":4,"column":0}},"4":{"start":{"line":5,"column":0},"end":{"line":5,"column":37}},"5":{"start":{"line":6,"column":0},"end":{"line":6,"column":27}},"6":{"start":{"line":7,"column":0},"end":{"line":7,"column":22}},"7":{"start":{"line":8,"column":0},"end":{"line":8,"column":3}},"8":{"start":{"line":9,"column":0},"end":{"line":9,"column":0}},"9":{"start":{"line":10,"column":0},"end":{"line":10,"column":40}},"10":{"start":{"line":11,"column":0},"end":{"line":11,"column":106}},"11":{"start":{"line":12,"column":0},"end":{"line":12,"column":0}},"12":{"start":{"line":13,"column":0},"end":{"line":13,"column":59}},"13":{"start":{"line":14,"column":0},"end":{"line":14,"column":2}},"14":{"start":{"line":15,"column":0},"end":{"line":15,"column":0}},"15":{"start":{"line":16,"column":0},"end":{"line":16,"column":27}},"16":{"start":{"line":17,"column":0},"end":{"line":17,"column":68}},"17":{"start":{"line":18,"column":0},"end":{"line":18,"column":97}},"18":{"start":{"line":19,"column":0},"end":{"line":19,"column":0}},"19":{"start":{"line":20,"column":0},"end":{"line":20,"column":19}},"20":{"start":{"line":21,"column":0},"end":{"line":21,"column":18}},"21":{"start":{"line":22,"column":0},"end":{"line":22,"column":102}},"22":{"start":{"line":23,"column":0},"end":{"line":23,"column":19}},"23":{"start":{"line":24,"column":0},"end":{"line":24,"column":36}},"24":{"start":{"line":25,"column":0},"end":{"line":25,"column":21}},"25":{"start":{"line":26,"column":0},"end":{"line":26,"column":36}},"26":{"start":{"line":27,"column":0},"end":{"line":27,"column":21}},"27":{"start":{"line":28,"column":0},"end":{"line":28,"column":87}},"28":{"start":{"line":29,"column":0},"end":{"line":29,"column":23}},"29":{"start":{"line":30,"column":0},"end":{"line":30,"column":36}},"30":{"start":{"line":31,"column":0},"end":{"line":31,"column":14}},"31":{"start":{"line":32,"column":0},"end":{"line":32,"column":51}},"32":{"start":{"line":33,"column":0},"end":{"line":33,"column":5}},"33":{"start":{"line":34,"column":0},"end":{"line":34,"column":5}},"34":{"start":{"line":35,"column":0},"end":{"line":35,"column":0}},"35":{"start":{"line":36,"column":0},"end":{"line":36,"column":41}},"36":{"start":{"line":37,"column":0},"end":{"line":37,"column":2}},"37":{"start":{"line":38,"column":0},"end":{"line":38,"column":0}},"38":{"start":{"line":39,"column":0},"end":{"line":39,"column":23}}},"s":{"0":1,"1":1,"2":1,"3":1,"4":1,"5":54,"6":40,"7":40,"8":14,"9":14,"10":14,"11":14,"12":14,"13":14,"14":1,"15":1,"16":2,"17":36,"18":36,"19":36,"20":36,"21":8,"22":36,"23":10,"24":36,"25":4,"26":36,"27":8,"28":36,"29":6,"30":36,"31":0,"32":36,"33":2,"34":2,"35":2,"36":2,"37":1,"38":1},"branchMap":{"0":{"type":"branch","line":3,"loc":{"start":{"line":3,"column":15},"end":{"line":3,"column":76}},"locations":[{"start":{"line":3,"column":15},"end":{"line":3,"column":76}}]},"1":{"type":"branch","line":5,"loc":{"start":{"line":5,"column":18},"end":{"line":14,"column":2}},"locations":[{"start":{"line":5,"column":18},"end":{"line":14,"column":2}}]},"2":{"type":"branch","line":6,"loc":{"start":{"line":6,"column":26},"end":{"line":8,"column":3}},"locations":[{"start":{"line":6,"column":26},"end":{"line":8,"column":3}}]},"3":{"type":"branch","line":8,"loc":{"start":{"line":8,"column":2},"end":{"line":14,"column":2}},"locations":[{"start":{"line":8,"column":2},"end":{"line":14,"column":2}}]},"4":{"type":"branch","line":11,"loc":{"start":{"line":11,"column":28},"end":{"line":11,"column":104}},"locations":[{"start":{"line":11,"column":28},"end":{"line":11,"column":104}}]},"5":{"type":"branch","line":16,"loc":{"start":{"line":16,"column":17},"end":{"line":37,"column":2}},"locations":[{"start":{"line":16,"column":17},"end":{"line":37,"column":2}}]},"6":{"type":"branch","line":17,"loc":{"start":{"line":17,"column":15},"end":{"line":34,"column":4}},"locations":[{"start":{"line":17,"column":15},"end":{"line":34,"column":4}}]},"7":{"type":"branch","line":17,"loc":{"start":{"line":17,"column":41},"end":{"line":34,"column":3}},"locations":[{"start":{"line":17,"column":41},"end":{"line":34,"column":3}}]},"8":{"type":"branch","line":21,"loc":{"start":{"line":21,"column":6},"end":{"line":22,"column":102}},"locations":[{"start":{"line":21,"column":6},"end":{"line":22,"column":102}}]},"9":{"type":"branch","line":23,"loc":{"start":{"line":23,"column":6},"end":{"line":24,"column":36}},"locations":[{"start":{"line":23,"column":6},"end":{"line":24,"column":36}}]},"10":{"type":"branch","line":25,"loc":{"start":{"line":25,"column":6},"end":{"line":26,"column":36}},"locations":[{"start":{"line":25,"column":6},"end":{"line":26,"column":36}}]},"11":{"type":"branch","line":27,"loc":{"start":{"line":27,"column":6},"end":{"line":28,"column":87}},"locations":[{"start":{"line":27,"column":6},"end":{"line":28,"column":87}}]},"12":{"type":"branch","line":29,"loc":{"start":{"line":29,"column":6},"end":{"line":30,"column":36}},"locations":[{"start":{"line":29,"column":6},"end":{"line":30,"column":36}}]},"13":{"type":"branch","line":31,"loc":{"start":{"line":31,"column":6},"end":{"line":32,"column":51}},"locations":[{"start":{"line":31,"column":6},"end":{"line":32,"column":51}}]},"14":{"type":"branch","line":18,"loc":{"start":{"line":18,"column":21},"end":{"line":18,"column":96}},"locations":[{"start":{"line":18,"column":21},"end":{"line":18,"column":96}}]}},"b":{"0":[84],"1":[54],"2":[40],"3":[14],"4":[18],"5":[2],"6":[10],"7":[36],"8":[8],"9":[10],"10":[4],"11":[8],"12":[6],"13":[0],"14":[36]},"fnMap":{"0":{"name":"indent","decl":{"start":{"line":3,"column":15},"end":{"line":3,"column":76}},"loc":{"start":{"line":3,"column":15},"end":{"line":3,"column":76}},"line":3},"1":{"name":"findValue","decl":{"start":{"line":5,"column":18},"end":{"line":14,"column":2}},"loc":{"start":{"line":5,"column":18},"end":{"line":14,"column":2}},"line":5},"2":{"name":"stylish","decl":{"start":{"line":16,"column":17},"end":{"line":37,"column":2}},"loc":{"start":{"line":16,"column":17},"end":{"line":37,"column":2}},"line":16},"3":{"name":"iter","decl":{"start":{"line":17,"column":15},"end":{"line":34,"column":4}},"loc":{"start":{"line":17,"column":15},"end":{"line":34,"column":4}},"line":17},"4":{"name":"getValue","decl":{"start":{"line":18,"column":21},"end":{"line":18,"column":96}},"loc":{"start":{"line":18,"column":21},"end":{"line":18,"column":96}},"line":18}},"f":{"0":84,"1":54,"2":2,"3":10,"4":36}}
}
