TN:
SF:src/diff.js
FN:3,difference
FNF:1
FNH:1
FNDA:20,difference
DA:1,1
DA:2,1
DA:3,1
DA:4,20
DA:5,20
DA:6,20
DA:7,72
DA:8,20
DA:9,20
DA:10,72
DA:11,8
DA:12,8
DA:13,72
DA:14,12
DA:15,12
DA:16,72
DA:17,16
DA:18,16
DA:19,16
DA:20,20
DA:21,20
DA:22,20
DA:23,20
DA:24,1
DA:25,1
LF:25
LH:25
BRDA:3,0,0,20
BRDA:6,1,0,72
BRDA:7,2,0,20
BRDA:9,3,0,52
BRDA:10,4,0,8
BRDA:12,5,0,44
BRDA:13,6,0,12
BRDA:15,7,0,32
BRDA:16,8,0,20
BRDA:16,9,0,16
BRF:10
BRH:10
end_of_record
TN:
SF:src/index.js
FN:5,default
FNF:1
FNH:1
FNDA:4,default
DA:1,1
DA:2,1
DA:3,1
DA:4,1
DA:5,1
DA:6,4
DA:7,4
DA:8,4
DA:9,4
DA:10,4
DA:11,4
LF:11
LH:11
BRDA:5,0,0,4
BRF:1
BRH:1
end_of_record
TN:
SF:src/parser.js
FN:5,default
FNF:1
FNH:1
FNDA:8,default
DA:1,1
DA:2,1
DA:3,1
DA:4,1
DA:5,1
DA:6,8
DA:7,8
DA:8,8
DA:9,8
DA:10,6
DA:11,6
DA:12,8
DA:13,2
DA:14,2
DA:15,0
DA:16,0
DA:17,0
LF:17
LH:14
BRDA:5,0,0,8
BRDA:9,1,0,6
BRDA:11,2,0,2
BRDA:12,3,0,1
BRDA:12,4,0,2
BRDA:14,5,0,0
BRF:6
BRH:5
end_of_record
TN:
SF:src/formatters/index.js
FN:5,default
FNF:1
FNH:1
FNDA:4,default
DA:1,1
DA:2,1
DA:3,1
DA:4,1
DA:5,1
DA:6,4
DA:7,2
DA:8,2
DA:9,4
DA:10,1
DA:11,1
DA:12,1
DA:13,1
DA:14,1
DA:15,0
DA:16,0
LF:16
LH:14
BRDA:5,0,0,4
BRDA:6,1,0,2
BRDA:9,2,0,1
BRDA:14,3,0,0
BRF:4
BRH:3
end_of_record
TN:
SF:src/formatters/json.js
FN:1,default
FNF:1
FNH:1
FNDA:1,default
DA:1,1
LF:1
LH:1
BRDA:1,0,0,1
BRF:1
BRH:1
end_of_record
TN:
SF:src/formatters/plain.js
FN:3,findValue
FN:14,plain
FNF:2
FNH:2
FNDA:13,findValue
FNDA:5,plain
DA:1,1
DA:2,1
DA:3,1
DA:4,13
DA:5,3
DA:6,3
DA:7,13
DA:8,7
DA:9,7
DA:10,3
DA:11,3
DA:12,3
DA:13,1
DA:14,1
DA:15,5
DA:16,5
DA:17,15
DA:18,15
DA:19,15
DA:20,15
DA:21,5
DA:22,5
DA:23,5
DA:24,15
DA:25,2
DA:26,2
DA:27,15
DA:28,4
DA:29,4
DA:30,4
DA:31,4
DA:32,4
DA:33,4
DA:34,5
DA:35,5
DA:36,5
DA:37,5
DA:38,1
DA:39,1
LF:39
LH:39
BRDA:3,0,0,13
BRDA:4,1,0,3
BRDA:6,2,0,10
BRDA:7,3,0,7
BRDA:9,4,0,3
BRDA:14,5,0,5
BRDA:15,6,0,18
BRDA:16,7,0,15
BRDA:20,8,0,5
BRDA:23,9,0,10
BRDA:24,10,0,2
BRDA:26,11,0,8
BRDA:27,12,0,4
BRF:13
BRH:13
end_of_record
TN:
SF:src/formatters/stylish.js
FN:3,indent
FN:5,findValue
FN:16,stylish
FN:17,iter
FN:18,getValue
FNF:5
FNH:5
FNDA:84,indent
FNDA:54,findValue
FNDA:2,stylish
FNDA:10,iter
FNDA:36,getValue
DA:1,1
DA:2,1
DA:3,1
DA:4,1
DA:5,1
DA:6,54
DA:7,40
DA:8,40
DA:9,14
DA:10,14
DA:11,14
DA:12,14
DA:13,14
DA:14,14
DA:15,1
DA:16,1
DA:17,2
DA:18,36
DA:19,36
DA:20,36
DA:21,36
DA:22,8
DA:23,36
DA:24,10
DA:25,36
DA:26,4
DA:27,36
DA:28,8
DA:29,36
DA:30,6
DA:31,36
DA:32,0
DA:33,36
DA:34,2
DA:35,2
DA:36,2
DA:37,2
DA:38,1
DA:39,1
LF:39
LH:38
BRDA:3,0,0,84
BRDA:5,1,0,54
BRDA:6,2,0,40
BRDA:8,3,0,14
BRDA:11,4,0,18
BRDA:16,5,0,2
BRDA:17,6,0,10
BRDA:17,7,0,36
BRDA:21,8,0,8
BRDA:23,9,0,10
BRDA:25,10,0,4
BRDA:27,11,0,8
BRDA:29,12,0,6
BRDA:31,13,0,0
BRDA:18,14,0,36
BRF:15
BRH:14
end_of_record
